<?xml version="1.0" encoding="UTF-8"?>
<testsuite name="test" tests="4" skipped="0" failures="0" errors="0" timestamp="2016-04-25T16:40:45" hostname="epicodus-54.local" time="0.002">
  <properties/>
  <testcase name="triangleTest_inputOfTwoEqualSides_isAIsoscelesTriangle" classname="test" time="0.0"/>
  <testcase name="triangleTest_inputOfThreeEqualSides_isAEquilateralTriangle" classname="test" time="0.0"/>
  <testcase name="triangleTest_inputOfNoEqualSides_isAScaleneTriangle" classname="test" time="0.0"/>
  <testcase name="triangleTest_inputOfInvalidSidesForTriangle_isNotATriangle" classname="test" time="0.0"/>
  <system-out><![CDATA[]]></system-out>
  <system-err><![CDATA[]]></system-err>
</testsuite>
